2022/08/25 10:51:29 [error] [exception.CException] exception 'CException' with message 'Alias "bootstrap.components.Bootstrap" is invalid. Make sure it points to an existing PHP file and the file is readable.' in C:\inetpub\wwwroot\yii-app\yii\framework\YiiBase.php:330
Stack trace:
#0 C:\inetpub\wwwroot\yii-app\yii\framework\YiiBase.php(204): YiiBase::import('bootstrap.compo...', true)
#1 C:\inetpub\wwwroot\yii-app\yii\framework\base\CModule.php(393): YiiBase::createComponent(Array)
#2 C:\inetpub\wwwroot\yii-app\yii\framework\base\CModule.php(103): CModule->getComponent('bootstrap')
#3 C:\inetpub\wwwroot\yii-app\protected\views\layouts\main.php(16): CModule->__get('bootstrap')
#4 C:\inetpub\wwwroot\yii-app\yii\framework\web\CBaseController.php(126): require('C:\\inetpub\\wwwr...')
#5 C:\inetpub\wwwroot\yii-app\yii\framework\web\CBaseController.php(95): CBaseController->renderInternal('C:\\inetpub\\wwwr...', Array, true)
#6 C:\inetpub\wwwroot\yii-app\yii\framework\web\widgets\CContentDecorator.php(76): CBaseController->renderFile('C:\\inetpub\\wwwr...', Array, true)
#7 C:\inetpub\wwwroot\yii-app\yii\framework\web\widgets\CContentDecorator.php(54): CContentDecorator->decorate('<div id="conten...')
#8 C:\inetpub\wwwroot\yii-app\yii\framework\web\widgets\COutputProcessor.php(44): CContentDecorator->processOutput('<div id="conten...')
#9 C:\inetpub\wwwroot\yii-app\yii\framework\web\CBaseController.php(215): COutputProcessor->run()
#10 C:\inetpub\wwwroot\yii-app\yii\framework\web\CBaseController.php(309): CBaseController->endWidget('CContentDecorat...')
#11 C:\inetpub\wwwroot\yii-app\protected\views\layouts\column1.php(6): CBaseController->endContent()
#12 C:\inetpub\wwwroot\yii-app\yii\framework\web\CBaseController.php(126): require('C:\\inetpub\\wwwr...')
#13 C:\inetpub\wwwroot\yii-app\yii\framework\web\CBaseController.php(95): CBaseController->renderInternal('C:\\inetpub\\wwwr...', Array, true)
#14 C:\inetpub\wwwroot\yii-app\yii\framework\web\CController.php(787): CBaseController->renderFile('C:\\inetpub\\wwwr...', Array, true)
#15 C:\inetpub\wwwroot\yii-app\protected\controllers\SiteController.php(32): CController->render('index')
#16 C:\inetpub\wwwroot\yii-app\yii\framework\web\actions\CInlineAction.php(49): SiteController->actionIndex()
#17 C:\inetpub\wwwroot\yii-app\yii\framework\web\CController.php(308): CInlineAction->runWithParams(Array)
#18 C:\inetpub\wwwroot\yii-app\yii\framework\web\CController.php(286): CController->runAction(Object(CInlineAction))
#19 C:\inetpub\wwwroot\yii-app\yii\framework\web\CController.php(265): CController->runActionWithFilters(Object(CInlineAction), Array)
#20 C:\inetpub\wwwroot\yii-app\yii\framework\web\CWebApplication.php(282): CController->run('index')
#21 C:\inetpub\wwwroot\yii-app\yii\framework\web\CWebApplication.php(141): CWebApplication->runController('site/index')
#22 C:\inetpub\wwwroot\yii-app\yii\framework\base\CApplication.php(185): CWebApplication->processRequest()
#23 C:\inetpub\wwwroot\yii-app\index.php(13): CApplication->run()
#24 {main}
REQUEST_URI=/yii-app/index.php?r=site/index
HTTP_REFERER=http://localhost/yii-app/index.php?r=site/login
---
2022/08/25 10:52:04 [error] [exception.CException] exception 'CException' with message 'Alias "bootstrap.components.Bootstrap" is invalid. Make sure it points to an existing PHP file and the file is readable.' in C:\inetpub\wwwroot\yii-app\yii\framework\YiiBase.php:330
Stack trace:
#0 C:\inetpub\wwwroot\yii-app\yii\framework\YiiBase.php(204): YiiBase::import('bootstrap.compo...', true)
#1 C:\inetpub\wwwroot\yii-app\yii\framework\base\CModule.php(393): YiiBase::createComponent(Array)
#2 C:\inetpub\wwwroot\yii-app\yii\framework\base\CModule.php(103): CModule->getComponent('bootstrap')
#3 C:\inetpub\wwwroot\yii-app\protected\views\layouts\main.php(2): CModule->__get('bootstrap')
#4 C:\inetpub\wwwroot\yii-app\yii\framework\web\CBaseController.php(126): require('C:\\inetpub\\wwwr...')
#5 C:\inetpub\wwwroot\yii-app\yii\framework\web\CBaseController.php(95): CBaseController->renderInternal('C:\\inetpub\\wwwr...', Array, true)
#6 C:\inetpub\wwwroot\yii-app\yii\framework\web\widgets\CContentDecorator.php(76): CBaseController->renderFile('C:\\inetpub\\wwwr...', Array, true)
#7 C:\inetpub\wwwroot\yii-app\yii\framework\web\widgets\CContentDecorator.php(54): CContentDecorator->decorate('<div id="conten...')
#8 C:\inetpub\wwwroot\yii-app\yii\framework\web\widgets\COutputProcessor.php(44): CContentDecorator->processOutput('<div id="conten...')
#9 C:\inetpub\wwwroot\yii-app\yii\framework\web\CBaseController.php(215): COutputProcessor->run()
#10 C:\inetpub\wwwroot\yii-app\yii\framework\web\CBaseController.php(309): CBaseController->endWidget('CContentDecorat...')
#11 C:\inetpub\wwwroot\yii-app\protected\views\layouts\column1.php(6): CBaseController->endContent()
#12 C:\inetpub\wwwroot\yii-app\yii\framework\web\CBaseController.php(126): require('C:\\inetpub\\wwwr...')
#13 C:\inetpub\wwwroot\yii-app\yii\framework\web\CBaseController.php(95): CBaseController->renderInternal('C:\\inetpub\\wwwr...', Array, true)
#14 C:\inetpub\wwwroot\yii-app\yii\framework\web\CController.php(787): CBaseController->renderFile('C:\\inetpub\\wwwr...', Array, true)
#15 C:\inetpub\wwwroot\yii-app\protected\controllers\SiteController.php(32): CController->render('index')
#16 C:\inetpub\wwwroot\yii-app\yii\framework\web\actions\CInlineAction.php(49): SiteController->actionIndex()
#17 C:\inetpub\wwwroot\yii-app\yii\framework\web\CController.php(308): CInlineAction->runWithParams(Array)
#18 C:\inetpub\wwwroot\yii-app\yii\framework\web\CController.php(286): CController->runAction(Object(CInlineAction))
#19 C:\inetpub\wwwroot\yii-app\yii\framework\web\CController.php(265): CController->runActionWithFilters(Object(CInlineAction), Array)
#20 C:\inetpub\wwwroot\yii-app\yii\framework\web\CWebApplication.php(282): CController->run('index')
#21 C:\inetpub\wwwroot\yii-app\yii\framework\web\CWebApplication.php(141): CWebApplication->runController('site/index')
#22 C:\inetpub\wwwroot\yii-app\yii\framework\base\CApplication.php(185): CWebApplication->processRequest()
#23 C:\inetpub\wwwroot\yii-app\index.php(13): CApplication->run()
#24 {main}
REQUEST_URI=/yii-app/index.php?r=site/index
HTTP_REFERER=http://localhost/yii-app/index.php?r=site/login
---
2022/08/25 10:52:15 [error] [exception.CException] exception 'CException' with message 'Alias "bootstrap.components.Bootstrap" is invalid. Make sure it points to an existing PHP file and the file is readable.' in C:\inetpub\wwwroot\yii-app\yii\framework\YiiBase.php:330
Stack trace:
#0 C:\inetpub\wwwroot\yii-app\yii\framework\YiiBase.php(204): YiiBase::import('bootstrap.compo...', true)
#1 C:\inetpub\wwwroot\yii-app\yii\framework\base\CModule.php(393): YiiBase::createComponent(Array)
#2 C:\inetpub\wwwroot\yii-app\yii\framework\base\CModule.php(103): CModule->getComponent('bootstrap')
#3 C:\inetpub\wwwroot\yii-app\protected\views\layouts\main.php(1): CModule->__get('bootstrap')
#4 C:\inetpub\wwwroot\yii-app\yii\framework\web\CBaseController.php(126): require('C:\\inetpub\\wwwr...')
#5 C:\inetpub\wwwroot\yii-app\yii\framework\web\CBaseController.php(95): CBaseController->renderInternal('C:\\inetpub\\wwwr...', Array, true)
#6 C:\inetpub\wwwroot\yii-app\yii\framework\web\widgets\CContentDecorator.php(76): CBaseController->renderFile('C:\\inetpub\\wwwr...', Array, true)
#7 C:\inetpub\wwwroot\yii-app\yii\framework\web\widgets\CContentDecorator.php(54): CContentDecorator->decorate('<div id="conten...')
#8 C:\inetpub\wwwroot\yii-app\yii\framework\web\widgets\COutputProcessor.php(44): CContentDecorator->processOutput('<div id="conten...')
#9 C:\inetpub\wwwroot\yii-app\yii\framework\web\CBaseController.php(215): COutputProcessor->run()
#10 C:\inetpub\wwwroot\yii-app\yii\framework\web\CBaseController.php(309): CBaseController->endWidget('CContentDecorat...')
#11 C:\inetpub\wwwroot\yii-app\protected\views\layouts\column1.php(6): CBaseController->endContent()
#12 C:\inetpub\wwwroot\yii-app\yii\framework\web\CBaseController.php(126): require('C:\\inetpub\\wwwr...')
#13 C:\inetpub\wwwroot\yii-app\yii\framework\web\CBaseController.php(95): CBaseController->renderInternal('C:\\inetpub\\wwwr...', Array, true)
#14 C:\inetpub\wwwroot\yii-app\yii\framework\web\CController.php(787): CBaseController->renderFile('C:\\inetpub\\wwwr...', Array, true)
#15 C:\inetpub\wwwroot\yii-app\protected\controllers\SiteController.php(32): CController->render('index')
#16 C:\inetpub\wwwroot\yii-app\yii\framework\web\actions\CInlineAction.php(49): SiteController->actionIndex()
#17 C:\inetpub\wwwroot\yii-app\yii\framework\web\CController.php(308): CInlineAction->runWithParams(Array)
#18 C:\inetpub\wwwroot\yii-app\yii\framework\web\CController.php(286): CController->runAction(Object(CInlineAction))
#19 C:\inetpub\wwwroot\yii-app\yii\framework\web\CController.php(265): CController->runActionWithFilters(Object(CInlineAction), Array)
#20 C:\inetpub\wwwroot\yii-app\yii\framework\web\CWebApplication.php(282): CController->run('index')
#21 C:\inetpub\wwwroot\yii-app\yii\framework\web\CWebApplication.php(141): CWebApplication->runController('site/index')
#22 C:\inetpub\wwwroot\yii-app\yii\framework\base\CApplication.php(185): CWebApplication->processRequest()
#23 C:\inetpub\wwwroot\yii-app\index.php(13): CApplication->run()
#24 {main}
REQUEST_URI=/yii-app/index.php?r=site/index
HTTP_REFERER=http://localhost/yii-app/index.php?r=site/login
---
2022/08/25 10:54:51 [error] [exception.CException] exception 'CException' with message 'Alias "bootstrap.components.Bootstrap" is invalid. Make sure it points to an existing PHP file and the file is readable.' in C:\inetpub\wwwroot\yii-app\yii\framework\YiiBase.php:330
Stack trace:
#0 C:\inetpub\wwwroot\yii-app\yii\framework\YiiBase.php(204): YiiBase::import('bootstrap.compo...', true)
#1 C:\inetpub\wwwroot\yii-app\yii\framework\base\CModule.php(393): YiiBase::createComponent(Array)
#2 C:\inetpub\wwwroot\yii-app\yii\framework\base\CModule.php(103): CModule->getComponent('bootstrap')
#3 C:\inetpub\wwwroot\yii-app\protected\views\layouts\main.php(1): CModule->__get('bootstrap')
#4 C:\inetpub\wwwroot\yii-app\yii\framework\web\CBaseController.php(126): require('C:\\inetpub\\wwwr...')
#5 C:\inetpub\wwwroot\yii-app\yii\framework\web\CBaseController.php(95): CBaseController->renderInternal('C:\\inetpub\\wwwr...', Array, true)
#6 C:\inetpub\wwwroot\yii-app\yii\framework\web\widgets\CContentDecorator.php(76): CBaseController->renderFile('C:\\inetpub\\wwwr...', Array, true)
#7 C:\inetpub\wwwroot\yii-app\yii\framework\web\widgets\CContentDecorator.php(54): CContentDecorator->decorate('<div id="conten...')
#8 C:\inetpub\wwwroot\yii-app\yii\framework\web\widgets\COutputProcessor.php(44): CContentDecorator->processOutput('<div id="conten...')
#9 C:\inetpub\wwwroot\yii-app\yii\framework\web\CBaseController.php(215): COutputProcessor->run()
#10 C:\inetpub\wwwroot\yii-app\yii\framework\web\CBaseController.php(309): CBaseController->endWidget('CContentDecorat...')
#11 C:\inetpub\wwwroot\yii-app\protected\views\layouts\column1.php(6): CBaseController->endContent()
#12 C:\inetpub\wwwroot\yii-app\yii\framework\web\CBaseController.php(126): require('C:\\inetpub\\wwwr...')
#13 C:\inetpub\wwwroot\yii-app\yii\framework\web\CBaseController.php(95): CBaseController->renderInternal('C:\\inetpub\\wwwr...', Array, true)
#14 C:\inetpub\wwwroot\yii-app\yii\framework\web\CController.php(787): CBaseController->renderFile('C:\\inetpub\\wwwr...', Array, true)
#15 C:\inetpub\wwwroot\yii-app\protected\controllers\SiteController.php(72): CController->render('contact', Array)
#16 C:\inetpub\wwwroot\yii-app\yii\framework\web\actions\CInlineAction.php(49): SiteController->actionContact()
#17 C:\inetpub\wwwroot\yii-app\yii\framework\web\CController.php(308): CInlineAction->runWithParams(Array)
#18 C:\inetpub\wwwroot\yii-app\yii\framework\web\CController.php(286): CController->runAction(Object(CInlineAction))
#19 C:\inetpub\wwwroot\yii-app\yii\framework\web\CController.php(265): CController->runActionWithFilters(Object(CInlineAction), Array)
#20 C:\inetpub\wwwroot\yii-app\yii\framework\web\CWebApplication.php(282): CController->run('contact')
#21 C:\inetpub\wwwroot\yii-app\yii\framework\web\CWebApplication.php(141): CWebApplication->runController('site/contact')
#22 C:\inetpub\wwwroot\yii-app\yii\framework\base\CApplication.php(185): CWebApplication->processRequest()
#23 C:\inetpub\wwwroot\yii-app\index.php(13): CApplication->run()
#24 {main}
REQUEST_URI=/yii-app/index.php?r=site/contact
HTTP_REFERER=http://localhost/yii-app/index.php?r=site/login
---
2022/08/25 10:55:06 [error] [exception.CException] exception 'CException' with message 'Alias "bootstrap.components.Bootstrap" is invalid. Make sure it points to an existing PHP file and the file is readable.' in C:\inetpub\wwwroot\yii-app\yii\framework\YiiBase.php:330
Stack trace:
#0 C:\inetpub\wwwroot\yii-app\yii\framework\YiiBase.php(204): YiiBase::import('bootstrap.compo...', true)
#1 C:\inetpub\wwwroot\yii-app\yii\framework\base\CModule.php(393): YiiBase::createComponent(Array)
#2 C:\inetpub\wwwroot\yii-app\yii\framework\base\CModule.php(103): CModule->getComponent('bootstrap')
#3 C:\inetpub\wwwroot\yii-app\protected\views\layouts\main.php(1): CModule->__get('bootstrap')
#4 C:\inetpub\wwwroot\yii-app\yii\framework\web\CBaseController.php(126): require('C:\\inetpub\\wwwr...')
#5 C:\inetpub\wwwroot\yii-app\yii\framework\web\CBaseController.php(95): CBaseController->renderInternal('C:\\inetpub\\wwwr...', Array, true)
#6 C:\inetpub\wwwroot\yii-app\yii\framework\web\widgets\CContentDecorator.php(76): CBaseController->renderFile('C:\\inetpub\\wwwr...', Array, true)
#7 C:\inetpub\wwwroot\yii-app\yii\framework\web\widgets\CContentDecorator.php(54): CContentDecorator->decorate('<div id="conten...')
#8 C:\inetpub\wwwroot\yii-app\yii\framework\web\widgets\COutputProcessor.php(44): CContentDecorator->processOutput('<div id="conten...')
#9 C:\inetpub\wwwroot\yii-app\yii\framework\web\CBaseController.php(215): COutputProcessor->run()
#10 C:\inetpub\wwwroot\yii-app\yii\framework\web\CBaseController.php(309): CBaseController->endWidget('CContentDecorat...')
#11 C:\inetpub\wwwroot\yii-app\protected\views\layouts\column1.php(6): CBaseController->endContent()
#12 C:\inetpub\wwwroot\yii-app\yii\framework\web\CBaseController.php(126): require('C:\\inetpub\\wwwr...')
#13 C:\inetpub\wwwroot\yii-app\yii\framework\web\CBaseController.php(95): CBaseController->renderInternal('C:\\inetpub\\wwwr...', Array, true)
#14 C:\inetpub\wwwroot\yii-app\yii\framework\web\CController.php(787): CBaseController->renderFile('C:\\inetpub\\wwwr...', Array, true)
#15 C:\inetpub\wwwroot\yii-app\protected\controllers\SiteController.php(98): CController->render('login', Array)
#16 C:\inetpub\wwwroot\yii-app\yii\framework\web\actions\CInlineAction.php(49): SiteController->actionLogin()
#17 C:\inetpub\wwwroot\yii-app\yii\framework\web\CController.php(308): CInlineAction->runWithParams(Array)
#18 C:\inetpub\wwwroot\yii-app\yii\framework\web\CController.php(286): CController->runAction(Object(CInlineAction))
#19 C:\inetpub\wwwroot\yii-app\yii\framework\web\CController.php(265): CController->runActionWithFilters(Object(CInlineAction), Array)
#20 C:\inetpub\wwwroot\yii-app\yii\framework\web\CWebApplication.php(282): CController->run('login')
#21 C:\inetpub\wwwroot\yii-app\yii\framework\web\CWebApplication.php(141): CWebApplication->runController('site/login')
#22 C:\inetpub\wwwroot\yii-app\yii\framework\base\CApplication.php(185): CWebApplication->processRequest()
#23 C:\inetpub\wwwroot\yii-app\index.php(13): CApplication->run()
#24 {main}
REQUEST_URI=/yii-app/index.php?r=site/login
HTTP_REFERER=http://localhost/yii-app/index.php?r=site/contact
---
2022/08/25 10:56:36 [error] [exception.CException] exception 'CException' with message 'Alias "bootstrap.components.Bootstrap" is invalid. Make sure it points to an existing PHP file and the file is readable.' in C:\inetpub\wwwroot\yii-app\yii\framework\YiiBase.php:330
Stack trace:
#0 C:\inetpub\wwwroot\yii-app\yii\framework\YiiBase.php(204): YiiBase::import('bootstrap.compo...', true)
#1 C:\inetpub\wwwroot\yii-app\yii\framework\base\CModule.php(393): YiiBase::createComponent(Array)
#2 C:\inetpub\wwwroot\yii-app\yii\framework\base\CModule.php(103): CModule->getComponent('bootstrap')
#3 C:\inetpub\wwwroot\yii-app\protected\views\layouts\main.php(1): CModule->__get('bootstrap')
#4 C:\inetpub\wwwroot\yii-app\yii\framework\web\CBaseController.php(126): require('C:\\inetpub\\wwwr...')
#5 C:\inetpub\wwwroot\yii-app\yii\framework\web\CBaseController.php(95): CBaseController->renderInternal('C:\\inetpub\\wwwr...', Array, true)
#6 C:\inetpub\wwwroot\yii-app\yii\framework\web\widgets\CContentDecorator.php(76): CBaseController->renderFile('C:\\inetpub\\wwwr...', Array, true)
#7 C:\inetpub\wwwroot\yii-app\yii\framework\web\widgets\CContentDecorator.php(54): CContentDecorator->decorate('<div id="conten...')
#8 C:\inetpub\wwwroot\yii-app\yii\framework\web\widgets\COutputProcessor.php(44): CContentDecorator->processOutput('<div id="conten...')
#9 C:\inetpub\wwwroot\yii-app\yii\framework\web\CBaseController.php(215): COutputProcessor->run()
#10 C:\inetpub\wwwroot\yii-app\yii\framework\web\CBaseController.php(309): CBaseController->endWidget('CContentDecorat...')
#11 C:\inetpub\wwwroot\yii-app\protected\views\layouts\column1.php(6): CBaseController->endContent()
#12 C:\inetpub\wwwroot\yii-app\yii\framework\web\CBaseController.php(126): require('C:\\inetpub\\wwwr...')
#13 C:\inetpub\wwwroot\yii-app\yii\framework\web\CBaseController.php(95): CBaseController->renderInternal('C:\\inetpub\\wwwr...', Array, true)
#14 C:\inetpub\wwwroot\yii-app\yii\framework\web\CController.php(787): CBaseController->renderFile('C:\\inetpub\\wwwr...', Array, true)
#15 C:\inetpub\wwwroot\yii-app\protected\controllers\SiteController.php(98): CController->render('login', Array)
#16 C:\inetpub\wwwroot\yii-app\yii\framework\web\actions\CInlineAction.php(49): SiteController->actionLogin()
#17 C:\inetpub\wwwroot\yii-app\yii\framework\web\CController.php(308): CInlineAction->runWithParams(Array)
#18 C:\inetpub\wwwroot\yii-app\yii\framework\web\CController.php(286): CController->runAction(Object(CInlineAction))
#19 C:\inetpub\wwwroot\yii-app\yii\framework\web\CController.php(265): CController->runActionWithFilters(Object(CInlineAction), Array)
#20 C:\inetpub\wwwroot\yii-app\yii\framework\web\CWebApplication.php(282): CController->run('login')
#21 C:\inetpub\wwwroot\yii-app\yii\framework\web\CWebApplication.php(141): CWebApplication->runController('site/login')
#22 C:\inetpub\wwwroot\yii-app\yii\framework\base\CApplication.php(185): CWebApplication->processRequest()
#23 C:\inetpub\wwwroot\yii-app\index.php(13): CApplication->run()
#24 {main}
REQUEST_URI=/yii-app/index.php?r=site/login
HTTP_REFERER=http://localhost/yii-app/index.php?r=site/contact
---
2022/08/25 10:58:29 [error] [exception.CException] exception 'CException' with message 'Alias "bootstrap.components.Bootstrap" is invalid. Make sure it points to an existing PHP file and the file is readable.' in C:\inetpub\wwwroot\yii-app\yii\framework\YiiBase.php:330
Stack trace:
#0 C:\inetpub\wwwroot\yii-app\yii\framework\YiiBase.php(204): YiiBase::import('bootstrap.compo...', true)
#1 C:\inetpub\wwwroot\yii-app\yii\framework\base\CModule.php(393): YiiBase::createComponent(Array)
#2 C:\inetpub\wwwroot\yii-app\yii\framework\base\CModule.php(103): CModule->getComponent('bootstrap')
#3 C:\inetpub\wwwroot\yii-app\protected\views\layouts\main.php(1): CModule->__get('bootstrap')
#4 C:\inetpub\wwwroot\yii-app\yii\framework\web\CBaseController.php(126): require('C:\\inetpub\\wwwr...')
#5 C:\inetpub\wwwroot\yii-app\yii\framework\web\CBaseController.php(95): CBaseController->renderInternal('C:\\inetpub\\wwwr...', Array, true)
#6 C:\inetpub\wwwroot\yii-app\yii\framework\web\widgets\CContentDecorator.php(76): CBaseController->renderFile('C:\\inetpub\\wwwr...', Array, true)
#7 C:\inetpub\wwwroot\yii-app\yii\framework\web\widgets\CContentDecorator.php(54): CContentDecorator->decorate('<div id="conten...')
#8 C:\inetpub\wwwroot\yii-app\yii\framework\web\widgets\COutputProcessor.php(44): CContentDecorator->processOutput('<div id="conten...')
#9 C:\inetpub\wwwroot\yii-app\yii\framework\web\CBaseController.php(215): COutputProcessor->run()
#10 C:\inetpub\wwwroot\yii-app\yii\framework\web\CBaseController.php(309): CBaseController->endWidget('CContentDecorat...')
#11 C:\inetpub\wwwroot\yii-app\protected\views\layouts\column1.php(6): CBaseController->endContent()
#12 C:\inetpub\wwwroot\yii-app\yii\framework\web\CBaseController.php(126): require('C:\\inetpub\\wwwr...')
#13 C:\inetpub\wwwroot\yii-app\yii\framework\web\CBaseController.php(95): CBaseController->renderInternal('C:\\inetpub\\wwwr...', Array, true)
#14 C:\inetpub\wwwroot\yii-app\yii\framework\web\CController.php(787): CBaseController->renderFile('C:\\inetpub\\wwwr...', Array, true)
#15 C:\inetpub\wwwroot\yii-app\protected\controllers\SiteController.php(98): CController->render('login', Array)
#16 C:\inetpub\wwwroot\yii-app\yii\framework\web\actions\CInlineAction.php(49): SiteController->actionLogin()
#17 C:\inetpub\wwwroot\yii-app\yii\framework\web\CController.php(308): CInlineAction->runWithParams(Array)
#18 C:\inetpub\wwwroot\yii-app\yii\framework\web\CController.php(286): CController->runAction(Object(CInlineAction))
#19 C:\inetpub\wwwroot\yii-app\yii\framework\web\CController.php(265): CController->runActionWithFilters(Object(CInlineAction), Array)
#20 C:\inetpub\wwwroot\yii-app\yii\framework\web\CWebApplication.php(282): CController->run('login')
#21 C:\inetpub\wwwroot\yii-app\yii\framework\web\CWebApplication.php(141): CWebApplication->runController('site/login')
#22 C:\inetpub\wwwroot\yii-app\yii\framework\base\CApplication.php(185): CWebApplication->processRequest()
#23 C:\inetpub\wwwroot\yii-app\index.php(13): CApplication->run()
#24 {main}
REQUEST_URI=/yii-app/index.php?r=site/login
HTTP_REFERER=http://localhost/yii-app/index.php?r=site/contact
---
2022/08/25 10:58:45 [error] [exception.CException] exception 'CException' with message 'Alias "bootstrap.components.Bootstrap" is invalid. Make sure it points to an existing PHP file and the file is readable.' in C:\inetpub\wwwroot\yii-app\yii\framework\YiiBase.php:330
Stack trace:
#0 C:\inetpub\wwwroot\yii-app\yii\framework\YiiBase.php(204): YiiBase::import('bootstrap.compo...', true)
#1 C:\inetpub\wwwroot\yii-app\yii\framework\base\CModule.php(393): YiiBase::createComponent(Array)
#2 C:\inetpub\wwwroot\yii-app\yii\framework\base\CModule.php(103): CModule->getComponent('bootstrap')
#3 C:\inetpub\wwwroot\yii-app\protected\views\layouts\main.php(7): CModule->__get('bootstrap')
#4 C:\inetpub\wwwroot\yii-app\yii\framework\web\CBaseController.php(126): require('C:\\inetpub\\wwwr...')
#5 C:\inetpub\wwwroot\yii-app\yii\framework\web\CBaseController.php(95): CBaseController->renderInternal('C:\\inetpub\\wwwr...', Array, true)
#6 C:\inetpub\wwwroot\yii-app\yii\framework\web\widgets\CContentDecorator.php(76): CBaseController->renderFile('C:\\inetpub\\wwwr...', Array, true)
#7 C:\inetpub\wwwroot\yii-app\yii\framework\web\widgets\CContentDecorator.php(54): CContentDecorator->decorate('<div id="conten...')
#8 C:\inetpub\wwwroot\yii-app\yii\framework\web\widgets\COutputProcessor.php(44): CContentDecorator->processOutput('<div id="conten...')
#9 C:\inetpub\wwwroot\yii-app\yii\framework\web\CBaseController.php(215): COutputProcessor->run()
#10 C:\inetpub\wwwroot\yii-app\yii\framework\web\CBaseController.php(309): CBaseController->endWidget('CContentDecorat...')
#11 C:\inetpub\wwwroot\yii-app\protected\views\layouts\column1.php(6): CBaseController->endContent()
#12 C:\inetpub\wwwroot\yii-app\yii\framework\web\CBaseController.php(126): require('C:\\inetpub\\wwwr...')
#13 C:\inetpub\wwwroot\yii-app\yii\framework\web\CBaseController.php(95): CBaseController->renderInternal('C:\\inetpub\\wwwr...', Array, true)
#14 C:\inetpub\wwwroot\yii-app\yii\framework\web\CController.php(787): CBaseController->renderFile('C:\\inetpub\\wwwr...', Array, true)
#15 C:\inetpub\wwwroot\yii-app\protected\controllers\SiteController.php(98): CController->render('login', Array)
#16 C:\inetpub\wwwroot\yii-app\yii\framework\web\actions\CInlineAction.php(49): SiteController->actionLogin()
#17 C:\inetpub\wwwroot\yii-app\yii\framework\web\CController.php(308): CInlineAction->runWithParams(Array)
#18 C:\inetpub\wwwroot\yii-app\yii\framework\web\CController.php(286): CController->runAction(Object(CInlineAction))
#19 C:\inetpub\wwwroot\yii-app\yii\framework\web\CController.php(265): CController->runActionWithFilters(Object(CInlineAction), Array)
#20 C:\inetpub\wwwroot\yii-app\yii\framework\web\CWebApplication.php(282): CController->run('login')
#21 C:\inetpub\wwwroot\yii-app\yii\framework\web\CWebApplication.php(141): CWebApplication->runController('site/login')
#22 C:\inetpub\wwwroot\yii-app\yii\framework\base\CApplication.php(185): CWebApplication->processRequest()
#23 C:\inetpub\wwwroot\yii-app\index.php(13): CApplication->run()
#24 {main}
REQUEST_URI=/yii-app/index.php?r=site/login
HTTP_REFERER=http://localhost/yii-app/index.php?r=site/contact
---
